Determining if the pthread_create exist failed with the following output:
Change Dir: /home/morito017/pcl_test/build/CMakeFiles/CMakeTmp

Run Build Command:"/usr/bin/make" "cmTC_735d7/fast"
/usr/bin/make -f CMakeFiles/cmTC_735d7.dir/build.make CMakeFiles/cmTC_735d7.dir/build
make[1]: ディレクトリ '/home/morito017/pcl_test/build/CMakeFiles/CMakeTmp' に入ります
Building C object CMakeFiles/cmTC_735d7.dir/CheckSymbolExists.c.o
/usr/bin/cc    -o CMakeFiles/cmTC_735d7.dir/CheckSymbolExists.c.o   -c /home/morito017/pcl_test/build/CMakeFiles/CMakeTmp/CheckSymbolExists.c
Linking C executable cmTC_735d7
/usr/bin/cmake -E cmake_link_script CMakeFiles/cmTC_735d7.dir/link.txt --verbose=1
/usr/bin/cc      -rdynamic CMakeFiles/cmTC_735d7.dir/CheckSymbolExists.c.o  -o cmTC_735d7 
CMakeFiles/cmTC_735d7.dir/CheckSymbolExists.c.o: 関数 `main' 内:
CheckSymbolExists.c:(.text+0x1b): `pthread_create' に対する定義されていない参照です
collect2: error: ld returned 1 exit status
CMakeFiles/cmTC_735d7.dir/build.make:97: recipe for target 'cmTC_735d7' failed
make[1]: *** [cmTC_735d7] Error 1
make[1]: ディレクトリ '/home/morito017/pcl_test/build/CMakeFiles/CMakeTmp' から出ます
Makefile:126: recipe for target 'cmTC_735d7/fast' failed
make: *** [cmTC_735d7/fast] Error 2

File /home/morito017/pcl_test/build/CMakeFiles/CMakeTmp/CheckSymbolExists.c:
/* */
#include <pthread.h>

int main(int argc, char** argv)
{
  (void)argv;
#ifndef pthread_create
  return ((int*)(&pthread_create))[argc];
#else
  (void)argc;
  return 0;
#endif
}

Determining if the function pthread_create exists in the pthreads failed with the following output:
Change Dir: /home/morito017/pcl_test/build/CMakeFiles/CMakeTmp

Run Build Command:"/usr/bin/make" "cmTC_341c3/fast"
/usr/bin/make -f CMakeFiles/cmTC_341c3.dir/build.make CMakeFiles/cmTC_341c3.dir/build
make[1]: ディレクトリ '/home/morito017/pcl_test/build/CMakeFiles/CMakeTmp' に入ります
Building C object CMakeFiles/cmTC_341c3.dir/CheckFunctionExists.c.o
/usr/bin/cc   -DCHECK_FUNCTION_EXISTS=pthread_create   -o CMakeFiles/cmTC_341c3.dir/CheckFunctionExists.c.o   -c /usr/share/cmake-3.10/Modules/CheckFunctionExists.c
Linking C executable cmTC_341c3
/usr/bin/cmake -E cmake_link_script CMakeFiles/cmTC_341c3.dir/link.txt --verbose=1
/usr/bin/cc  -DCHECK_FUNCTION_EXISTS=pthread_create    -rdynamic CMakeFiles/cmTC_341c3.dir/CheckFunctionExists.c.o  -o cmTC_341c3 -lpthreads 
/usr/bin/ld: -lpthreads が見つかりません
collect2: error: ld returned 1 exit status
CMakeFiles/cmTC_341c3.dir/build.make:97: recipe for target 'cmTC_341c3' failed
make[1]: *** [cmTC_341c3] Error 1
make[1]: ディレクトリ '/home/morito017/pcl_test/build/CMakeFiles/CMakeTmp' から出ます
Makefile:126: recipe for target 'cmTC_341c3/fast' failed
make: *** [cmTC_341c3/fast] Error 2


